<?xml version="1.0" encoding="UTF-8"?>
<!-- Generated by org.testng.reporters.JUnitReportReporter -->
<testsuite hostname="MyLaptop" failures="0" tests="1" name="com.inetbanking.testcases.TC_LoginTest_01" time="5.206" errors="0" timestamp="2022-01-03T17:44:33 EST" skipped="0">
  <testcase classname="com.inetbanking.testcases.TC_LoginTest_01" name="loginTest" time="5.206"/>
  <system-out/>
</testsuite> <!-- com.inetbanking.testcases.TC_LoginTest_01 -->
